<?xml version="1.0" encoding="UTF-8"?>
<!-- Generated by org.testng.reporters.JUnitReportReporter -->
<testsuite hostname="LTIN386508" failures="0" tests="4" name="Mainclass.Mainclass" time="5.007" errors="0" timestamp="2023-04-19T21:39:51 IST" skipped="0">
  <testcase classname="Mainclass.Mainclass" name="Testcase1" time="0.852"/>
  <system-out/>
  <testcase classname="Mainclass.Mainclass" name="Testcase2" time="0.617"/>
  <system-out/>
  <testcase classname="Mainclass.Mainclass" name="Testcase3" time="3.465"/>
  <system-out/>
  <testcase classname="Mainclass.Mainclass" name="Testcase4" time="0.073"/>
  <system-out/>
</testsuite> <!-- Mainclass.Mainclass -->
