<?xml version="1.0" encoding="UTF-8"?>
<!-- Generated by org.testng.reporters.JUnitReportReporter -->
<testsuite hostname="LTIN386508" failures="0" tests="4" name="Mainclass.Mainclass" time="5.001" errors="0" timestamp="2023-04-19T20:29:25 IST" skipped="0">
  <testcase classname="Mainclass.Mainclass" name="Testcase1" time="0.863"/>
  <system-out/>
  <testcase classname="Mainclass.Mainclass" name="Testcase2" time="0.695"/>
  <system-out/>
  <testcase classname="Mainclass.Mainclass" name="Testcase3" time="3.367"/>
  <system-out/>
  <testcase classname="Mainclass.Mainclass" name="Testcase4" time="0.076"/>
  <system-out/>
</testsuite> <!-- Mainclass.Mainclass -->
