<?xml version="1.0" encoding="UTF-8"?>
<!-- Generated by org.testng.reporters.JUnitReportReporter -->
<testsuite hostname="LTIN386508" failures="0" tests="4" name="testsuit.Testsuit" time="5.356" errors="0" timestamp="2023-04-19T22:30:33 IST" skipped="0">
  <testcase classname="testsuit.Testsuit" name="Testcase1" time="1.034"/>
  <system-out/>
  <testcase classname="testsuit.Testsuit" name="Testcase2" time="0.625"/>
  <system-out/>
  <testcase classname="testsuit.Testsuit" name="Testcase3" time="3.499"/>
  <system-out/>
  <testcase classname="testsuit.Testsuit" name="Testcase4" time="0.198"/>
  <system-out/>
</testsuite> <!-- testsuit.Testsuit -->
